<?xml version="1.0" encoding="UTF-8"?>
<testsuite xmlns:xsi="http://www.w3.org/2001/XMLSchema-instance" xsi:schemaLocation="https://maven.apache.org/surefire/maven-surefire-plugin/xsd/surefire-test-report.xsd" name="com.jblosc.BloscTest" time="1.022" tests="8" errors="1" skipped="0" failures="0">
  <properties>
[...]
</properties>
  <testcase name="testCompressDecompressLong" classname="com.jblosc.BloscTest" time="0.276"/>
  <testcase name="testCompressDecompressFloat" classname="com.jblosc.BloscTest" time="0.034"/>
  <testcase name="testCompressDecompressDouble" classname="com.jblosc.BloscTest" time="0.037"/>
  <testcase name="testCompressDecompressDoubleCtx" classname="com.jblosc.BloscTest" time="0.089">
    <error message="Invalid memory access" type="java.lang.Error">java.lang.Error: Invalid memory access
	at com.jblosc.BloscTest.testCompressDecompressDoubleCtx(BloscTest.java:240)
</error>
    <system-out><![CDATA[Double: 171521 from 8000000. Ratio: 46,64
]]></system-out>
  </testcase>
  <testcase name="testCompressDecompressDirectBuffer" classname="com.jblosc.BloscTest" time="0.037"/>
  <testcase name="testCompressDecompressJNA" classname="com.jblosc.BloscTest" time="0.02"/>
  <testcase name="testCompressDecompressInt" classname="com.jblosc.BloscTest" time="0.024"/>
  <testcase name="testSetCompressor" classname="com.jblosc.BloscTest" time="0.46"/>
</testsuite>